2013/01/23 02:34:18 [error] [php] Undefined variable: scriptName (D:\wamp\www\yii\framework\web\CHttpRequest.php:375)
Stack trace:
#0 D:\wamp\www\yii\framework\web\CWebApplication.php(140): CUrlManager->parseUrl()
#1 D:\wamp\www\yii\framework\base\CApplication.php(176): CWebApplication->processRequest()
#2 D:\wamp\www\yii\angel\backend.php(13): CWebApplication->run()
REQUEST_URI=/yii/angel/backend.php/site/index
in D:\wamp\www\yii\angel\backend.php (13)
2013/01/23 02:45:29 [error] [exception.CException] exception 'CException' with message 'CUrlManager and its behaviors do not have a method or closure named "createDefaultUrl".' in D:\wamp\www\yii\framework\base\CComponent.php:314
Stack trace:
#0 D:\wamp\www\yii\angel\protected\backend\controllers\SiteController.php(24): CComponent->__call('createDefaultUr...', Array)
#1 D:\wamp\www\yii\angel\protected\backend\controllers\SiteController.php(24): CUrlManager->createDefaultUrl('article/update', Array)
#2 D:\wamp\www\yii\framework\web\actions\CInlineAction.php(49): SiteController->actionIndex()
#3 D:\wamp\www\yii\framework\web\CController.php(308): CInlineAction->runWithParams(Array)
#4 D:\wamp\www\yii\framework\web\CController.php(286): CController->runAction(Object(CInlineAction))
#5 D:\wamp\www\yii\framework\web\CController.php(265): CController->runActionWithFilters(Object(CInlineAction), Array)
#6 D:\wamp\www\yii\framework\web\CWebApplication.php(282): CController->run('index')
#7 D:\wamp\www\yii\framework\web\CWebApplication.php(141): CWebApplication->runController('site/index')
#8 D:\wamp\www\yii\framework\base\CApplication.php(176): CWebApplication->processRequest()
#9 D:\wamp\www\yii\angel\backend.php(13): CApplication->run()
#10 {main}
REQUEST_URI=/yii/angel/backend.php/site/index
---
2013/01/23 02:45:40 [error] [exception.CException] exception 'CException' with message 'CUrlManager and its behaviors do not have a method or closure named "createUrlDefault".' in D:\wamp\www\yii\framework\base\CComponent.php:314
Stack trace:
#0 D:\wamp\www\yii\angel\protected\backend\controllers\SiteController.php(24): CComponent->__call('createUrlDefaul...', Array)
#1 D:\wamp\www\yii\angel\protected\backend\controllers\SiteController.php(24): CUrlManager->createUrlDefault('article/update', Array)
#2 D:\wamp\www\yii\framework\web\actions\CInlineAction.php(49): SiteController->actionIndex()
#3 D:\wamp\www\yii\framework\web\CController.php(308): CInlineAction->runWithParams(Array)
#4 D:\wamp\www\yii\framework\web\CController.php(286): CController->runAction(Object(CInlineAction))
#5 D:\wamp\www\yii\framework\web\CController.php(265): CController->runActionWithFilters(Object(CInlineAction), Array)
#6 D:\wamp\www\yii\framework\web\CWebApplication.php(282): CController->run('index')
#7 D:\wamp\www\yii\framework\web\CWebApplication.php(141): CWebApplication->runController('site/index')
#8 D:\wamp\www\yii\framework\base\CApplication.php(176): CWebApplication->processRequest()
#9 D:\wamp\www\yii\angel\backend.php(13): CApplication->run()
#10 {main}
REQUEST_URI=/yii/angel/backend.php/site/index
---
2013/01/23 05:53:37 [error] [exception.CHttpException.404] exception 'CHttpException' with message '系统无法找到请求的 "index、" 动作.' in D:\wamp\www\yii\framework\web\CController.php:483
Stack trace:
#0 D:\wamp\www\yii\framework\web\CController.php(270): CController->missingAction('index???')
#1 D:\wamp\www\yii\framework\web\CWebApplication.php(282): CController->run('index???')
#2 D:\wamp\www\yii\framework\web\CWebApplication.php(141): CWebApplication->runController('site/index???')
#3 D:\wamp\www\yii\framework\base\CApplication.php(176): CWebApplication->processRequest()
#4 D:\wamp\www\yii\angel\backend.php(13): CApplication->run()
#5 {main}
REQUEST_URI=/yii/angel/backend.php/site/index%E3%80%81
---
2013/01/23 07:15:31 [error] [exception.CHttpException.404] exception 'CHttpException' with message '无法解析请求 "product/create"。' in D:\wamp\www\yii\framework\web\CWebApplication.php:318
Stack trace:
#0 D:\wamp\www\yii\framework\web\CWebApplication.php(149): CWebApplication->runController('product/create')
#1 D:\wamp\www\yii\framework\base\CApplication.php(176): CWebApplication->processRequest()
#2 D:\wamp\www\yii\angel\backend.php(13): CApplication->run()
#3 {main}
REQUEST_URI=/yii/angel/backend.php/product/create
HTTP_REFERER=http://localhost/yii/angel/backend.php/site/index
---
2013/01/23 07:37:49 [error] [exception.CHttpException.404] exception 'CHttpException' with message '系统无法找到请求的 "page" 动作.' in D:\wamp\www\yii\framework\web\CController.php:483
Stack trace:
#0 D:\wamp\www\yii\framework\web\CController.php(270): CController->missingAction('page')
#1 D:\wamp\www\yii\framework\web\CWebApplication.php(314): CController->run('page')
#2 D:\wamp\www\yii\framework\web\CWebApplication.php(149): CWebApplication->runController('site/page')
#3 D:\wamp\www\yii\framework\base\CApplication.php(176): CWebApplication->processRequest()
#4 D:\wamp\www\yii\angel\backend.php(13): CApplication->run()
#5 {main}
REQUEST_URI=/yii/angel/backend.php/site/page?view=about
---
2013/01/23 07:37:51 [error] [exception.CHttpException.404] exception 'CHttpException' with message '系统无法找到请求的 "page" 动作.' in D:\wamp\www\yii\framework\web\CController.php:483
Stack trace:
#0 D:\wamp\www\yii\framework\web\CController.php(270): CController->missingAction('page')
#1 D:\wamp\www\yii\framework\web\CWebApplication.php(314): CController->run('page')
#2 D:\wamp\www\yii\framework\web\CWebApplication.php(149): CWebApplication->runController('site/page')
#3 D:\wamp\www\yii\framework\base\CApplication.php(176): CWebApplication->processRequest()
#4 D:\wamp\www\yii\angel\backend.php(13): CApplication->run()
#5 {main}
REQUEST_URI=/yii/angel/backend.php/site/page?view=about
---
2013/01/23 07:37:53 [error] [exception.CHttpException.404] exception 'CHttpException' with message '系统无法找到请求的 "page" 动作.' in D:\wamp\www\yii\framework\web\CController.php:483
Stack trace:
#0 D:\wamp\www\yii\framework\web\CController.php(270): CController->missingAction('page')
#1 D:\wamp\www\yii\framework\web\CWebApplication.php(314): CController->run('page')
#2 D:\wamp\www\yii\framework\web\CWebApplication.php(149): CWebApplication->runController('site/page')
#3 D:\wamp\www\yii\framework\base\CApplication.php(176): CWebApplication->processRequest()
#4 D:\wamp\www\yii\angel\backend.php(13): CApplication->run()
#5 {main}
REQUEST_URI=/yii/angel/backend.php/site/page?view=about
---
2013/01/23 07:37:58 [error] [exception.CHttpException.404] exception 'CHttpException' with message '系统无法找到请求的 "page" 动作.' in D:\wamp\www\yii\framework\web\CController.php:483
Stack trace:
#0 D:\wamp\www\yii\framework\web\CController.php(270): CController->missingAction('page')
#1 D:\wamp\www\yii\framework\web\CWebApplication.php(314): CController->run('page')
#2 D:\wamp\www\yii\framework\web\CWebApplication.php(149): CWebApplication->runController('site/page')
#3 D:\wamp\www\yii\framework\base\CApplication.php(176): CWebApplication->processRequest()
#4 D:\wamp\www\yii\angel\backend.php(13): CApplication->run()
#5 {main}
REQUEST_URI=/yii/angel/backend.php/site/page?view=about
HTTP_REFERER=http://localhost/yii/angel/backend.php/
---
2013/01/23 07:37:59 [error] [exception.CHttpException.404] exception 'CHttpException' with message '系统无法找到请求的 "contact" 动作.' in D:\wamp\www\yii\framework\web\CController.php:483
Stack trace:
#0 D:\wamp\www\yii\framework\web\CController.php(270): CController->missingAction('contact')
#1 D:\wamp\www\yii\framework\web\CWebApplication.php(314): CController->run('contact')
#2 D:\wamp\www\yii\framework\web\CWebApplication.php(149): CWebApplication->runController('site/contact')
#3 D:\wamp\www\yii\framework\base\CApplication.php(176): CWebApplication->processRequest()
#4 D:\wamp\www\yii\angel\backend.php(13): CApplication->run()
#5 {main}
REQUEST_URI=/yii/angel/backend.php/site/contact
HTTP_REFERER=http://localhost/yii/angel/backend.php/site/page?view=about
---
2013/01/24 06:11:27 [error] [exception.CDbException] exception 'CDbException' with message 'CDbConnection failed to open the DB connection: SQLSTATE[IM001]: Driver does not support this function: driver does not support that attribute' in D:\wamp\www\yii\framework\db\CDbConnection.php:448
Stack trace:
#0 D:\wamp\www\yii\framework\db\CDbConnection.php(387): CDbConnection->open()
#1 D:\wamp\www\yii\framework\db\CDbConnection.php(361): CDbConnection->setActive(true)
#2 D:\wamp\www\yii\framework\base\CModule.php(441): CDbConnection->init()
#3 D:\wamp\www\yii\framework\base\CModule.php(112): CModule->getComponent('db')
#4 D:\wamp\www\yii\angel\protected\backend\controllers\SiteController.php(25): CModule->__get('db')
#5 D:\wamp\www\yii\framework\web\actions\CInlineAction.php(49): SiteController->actionIndex()
#6 D:\wamp\www\yii\framework\web\CController.php(308): CInlineAction->runWithParams(Array)
#7 D:\wamp\www\yii\framework\web\CController.php(286): CController->runAction(Object(CInlineAction))
#8 D:\wamp\www\yii\framework\web\CController.php(265): CController->runActionWithFilters(Object(CInlineAction), Array)
#9 D:\wamp\www\yii\framework\web\CWebApplication.php(314): CController->run('index')
#10 D:\wamp\www\yii\framework\web\CWebApplication.php(149): CWebApplication->runController('site/index')
#11 D:\wamp\www\yii\framework\base\CApplication.php(176): CWebApplication->processRequest()
#12 D:\wamp\www\yii\angel\backend.php(13): CApplication->run()
#13 {main}
REQUEST_URI=/yii/angel/backend.php/site/index
---
2013/01/24 06:11:52 [error] [exception.CDbException] exception 'CDbException' with message 'CDbConnection failed to open the DB connection: SQLSTATE[IM001]: Driver does not support this function: driver does not support that attribute' in D:\wamp\www\yii\framework\db\CDbConnection.php:448
Stack trace:
#0 D:\wamp\www\yii\framework\db\CDbConnection.php(387): CDbConnection->open()
#1 D:\wamp\www\yii\framework\db\CDbConnection.php(361): CDbConnection->setActive(true)
#2 D:\wamp\www\yii\framework\base\CModule.php(441): CDbConnection->init()
#3 D:\wamp\www\yii\framework\base\CModule.php(112): CModule->getComponent('db')
#4 D:\wamp\www\yii\angel\protected\backend\controllers\SiteController.php(25): CModule->__get('db')
#5 D:\wamp\www\yii\framework\web\actions\CInlineAction.php(49): SiteController->actionIndex()
#6 D:\wamp\www\yii\framework\web\CController.php(308): CInlineAction->runWithParams(Array)
#7 D:\wamp\www\yii\framework\web\CController.php(286): CController->runAction(Object(CInlineAction))
#8 D:\wamp\www\yii\framework\web\CController.php(265): CController->runActionWithFilters(Object(CInlineAction), Array)
#9 D:\wamp\www\yii\framework\web\CWebApplication.php(314): CController->run('index')
#10 D:\wamp\www\yii\framework\web\CWebApplication.php(149): CWebApplication->runController('site/index')
#11 D:\wamp\www\yii\framework\base\CApplication.php(176): CWebApplication->processRequest()
#12 D:\wamp\www\yii\angel\backend.php(13): CApplication->run()
#13 {main}
REQUEST_URI=/yii/angel/backend.php/site/index
---
2013/01/24 06:11:52 [error] [exception.CDbException] exception 'CDbException' with message 'CDbConnection failed to open the DB connection: SQLSTATE[IM001]: Driver does not support this function: driver does not support that attribute' in D:\wamp\www\yii\framework\db\CDbConnection.php:448
Stack trace:
#0 D:\wamp\www\yii\framework\db\CDbConnection.php(387): CDbConnection->open()
#1 D:\wamp\www\yii\framework\db\CDbConnection.php(361): CDbConnection->setActive(true)
#2 D:\wamp\www\yii\framework\base\CModule.php(441): CDbConnection->init()
#3 D:\wamp\www\yii\framework\base\CModule.php(112): CModule->getComponent('db')
#4 D:\wamp\www\yii\angel\protected\backend\controllers\SiteController.php(25): CModule->__get('db')
#5 D:\wamp\www\yii\framework\web\actions\CInlineAction.php(49): SiteController->actionIndex()
#6 D:\wamp\www\yii\framework\web\CController.php(308): CInlineAction->runWithParams(Array)
#7 D:\wamp\www\yii\framework\web\CController.php(286): CController->runAction(Object(CInlineAction))
#8 D:\wamp\www\yii\framework\web\CController.php(265): CController->runActionWithFilters(Object(CInlineAction), Array)
#9 D:\wamp\www\yii\framework\web\CWebApplication.php(314): CController->run('index')
#10 D:\wamp\www\yii\framework\web\CWebApplication.php(149): CWebApplication->runController('site/index')
#11 D:\wamp\www\yii\framework\base\CApplication.php(176): CWebApplication->processRequest()
#12 D:\wamp\www\yii\angel\backend.php(13): CApplication->run()
#13 {main}
REQUEST_URI=/yii/angel/backend.php/site/index
---
2013/01/24 06:13:22 [error] [exception.CDbException] exception 'CDbException' with message 'CDbConnection failed to open the DB connection: SQLSTATE[IM001]: Driver does not support this function: driver does not support that attribute' in D:\wamp\www\yii\framework\db\CDbConnection.php:448
Stack trace:
#0 D:\wamp\www\yii\framework\db\CDbConnection.php(387): CDbConnection->open()
#1 D:\wamp\www\yii\framework\db\CDbConnection.php(361): CDbConnection->setActive(true)
#2 D:\wamp\www\yii\framework\base\CModule.php(441): CDbConnection->init()
#3 D:\wamp\www\yii\framework\base\CModule.php(112): CModule->getComponent('db')
#4 D:\wamp\www\yii\angel\protected\backend\controllers\SiteController.php(25): CModule->__get('db')
#5 D:\wamp\www\yii\framework\web\actions\CInlineAction.php(49): SiteController->actionIndex()
#6 D:\wamp\www\yii\framework\web\CController.php(308): CInlineAction->runWithParams(Array)
#7 D:\wamp\www\yii\framework\web\CController.php(286): CController->runAction(Object(CInlineAction))
#8 D:\wamp\www\yii\framework\web\CController.php(265): CController->runActionWithFilters(Object(CInlineAction), Array)
#9 D:\wamp\www\yii\framework\web\CWebApplication.php(314): CController->run('index')
#10 D:\wamp\www\yii\framework\web\CWebApplication.php(149): CWebApplication->runController('site/index')
#11 D:\wamp\www\yii\framework\base\CApplication.php(176): CWebApplication->processRequest()
#12 D:\wamp\www\yii\angel\backend.php(13): CApplication->run()
#13 {main}
REQUEST_URI=/yii/angel/backend.php/site/index
---
2013/01/24 06:13:22 [error] [exception.CDbException] exception 'CDbException' with message 'CDbConnection failed to open the DB connection: SQLSTATE[IM001]: Driver does not support this function: driver does not support that attribute' in D:\wamp\www\yii\framework\db\CDbConnection.php:448
Stack trace:
#0 D:\wamp\www\yii\framework\db\CDbConnection.php(387): CDbConnection->open()
#1 D:\wamp\www\yii\framework\db\CDbConnection.php(361): CDbConnection->setActive(true)
#2 D:\wamp\www\yii\framework\base\CModule.php(441): CDbConnection->init()
#3 D:\wamp\www\yii\framework\base\CModule.php(112): CModule->getComponent('db')
#4 D:\wamp\www\yii\angel\protected\backend\controllers\SiteController.php(25): CModule->__get('db')
#5 D:\wamp\www\yii\framework\web\actions\CInlineAction.php(49): SiteController->actionIndex()
#6 D:\wamp\www\yii\framework\web\CController.php(308): CInlineAction->runWithParams(Array)
#7 D:\wamp\www\yii\framework\web\CController.php(286): CController->runAction(Object(CInlineAction))
#8 D:\wamp\www\yii\framework\web\CController.php(265): CController->runActionWithFilters(Object(CInlineAction), Array)
#9 D:\wamp\www\yii\framework\web\CWebApplication.php(314): CController->run('index')
#10 D:\wamp\www\yii\framework\web\CWebApplication.php(149): CWebApplication->runController('site/index')
#11 D:\wamp\www\yii\framework\base\CApplication.php(176): CWebApplication->processRequest()
#12 D:\wamp\www\yii\angel\backend.php(13): CApplication->run()
#13 {main}
REQUEST_URI=/yii/angel/backend.php/site/index
---
2013/01/24 06:13:43 [error] [exception.CDbException] exception 'CDbException' with message 'CDbConnection failed to open the DB connection: SQLSTATE[IM001]: Driver does not support this function: driver does not support that attribute' in D:\wamp\www\yii\framework\db\CDbConnection.php:448
Stack trace:
#0 D:\wamp\www\yii\framework\db\CDbConnection.php(387): CDbConnection->open()
#1 D:\wamp\www\yii\framework\db\CDbConnection.php(361): CDbConnection->setActive(true)
#2 D:\wamp\www\yii\framework\base\CModule.php(441): CDbConnection->init()
#3 D:\wamp\www\yii\framework\base\CModule.php(112): CModule->getComponent('db')
#4 D:\wamp\www\yii\angel\protected\backend\controllers\SiteController.php(25): CModule->__get('db')
#5 D:\wamp\www\yii\framework\web\actions\CInlineAction.php(49): SiteController->actionIndex()
#6 D:\wamp\www\yii\framework\web\CController.php(308): CInlineAction->runWithParams(Array)
#7 D:\wamp\www\yii\framework\web\CController.php(286): CController->runAction(Object(CInlineAction))
#8 D:\wamp\www\yii\framework\web\CController.php(265): CController->runActionWithFilters(Object(CInlineAction), Array)
#9 D:\wamp\www\yii\framework\web\CWebApplication.php(314): CController->run('index')
#10 D:\wamp\www\yii\framework\web\CWebApplication.php(149): CWebApplication->runController('site/index')
#11 D:\wamp\www\yii\framework\base\CApplication.php(176): CWebApplication->processRequest()
#12 D:\wamp\www\yii\angel\backend.php(13): CApplication->run()
#13 {main}
REQUEST_URI=/yii/angel/backend.php/site/index
---
2013/01/24 06:13:44 [error] [exception.CDbException] exception 'CDbException' with message 'CDbConnection failed to open the DB connection: SQLSTATE[IM001]: Driver does not support this function: driver does not support that attribute' in D:\wamp\www\yii\framework\db\CDbConnection.php:448
Stack trace:
#0 D:\wamp\www\yii\framework\db\CDbConnection.php(387): CDbConnection->open()
#1 D:\wamp\www\yii\framework\db\CDbConnection.php(361): CDbConnection->setActive(true)
#2 D:\wamp\www\yii\framework\base\CModule.php(441): CDbConnection->init()
#3 D:\wamp\www\yii\framework\base\CModule.php(112): CModule->getComponent('db')
#4 D:\wamp\www\yii\angel\protected\backend\controllers\SiteController.php(25): CModule->__get('db')
#5 D:\wamp\www\yii\framework\web\actions\CInlineAction.php(49): SiteController->actionIndex()
#6 D:\wamp\www\yii\framework\web\CController.php(308): CInlineAction->runWithParams(Array)
#7 D:\wamp\www\yii\framework\web\CController.php(286): CController->runAction(Object(CInlineAction))
#8 D:\wamp\www\yii\framework\web\CController.php(265): CController->runActionWithFilters(Object(CInlineAction), Array)
#9 D:\wamp\www\yii\framework\web\CWebApplication.php(314): CController->run('index')
#10 D:\wamp\www\yii\framework\web\CWebApplication.php(149): CWebApplication->runController('site/index')
#11 D:\wamp\www\yii\framework\base\CApplication.php(176): CWebApplication->processRequest()
#12 D:\wamp\www\yii\angel\backend.php(13): CApplication->run()
#13 {main}
REQUEST_URI=/yii/angel/backend.php/site/index
---
2013/01/24 06:14:24 [error] [exception.PDOException] exception 'PDOException' with message 'SQLSTATE[IM001]: Driver does not support this function: driver does not support that attribute' in D:\wamp\www\yii\framework\db\CDbConnection.php:868
Stack trace:
#0 D:\wamp\www\yii\framework\db\CDbConnection.php(868): PDO->getAttribute(20)
#1 D:\wamp\www\yii\angel\protected\backend\controllers\SiteController.php(26): CDbConnection->getAttribute(20)
#2 D:\wamp\www\yii\framework\web\actions\CInlineAction.php(49): SiteController->actionIndex()
#3 D:\wamp\www\yii\framework\web\CController.php(308): CInlineAction->runWithParams(Array)
#4 D:\wamp\www\yii\framework\web\CController.php(286): CController->runAction(Object(CInlineAction))
#5 D:\wamp\www\yii\framework\web\CController.php(265): CController->runActionWithFilters(Object(CInlineAction), Array)
#6 D:\wamp\www\yii\framework\web\CWebApplication.php(314): CController->run('index')
#7 D:\wamp\www\yii\framework\web\CWebApplication.php(149): CWebApplication->runController('site/index')
#8 D:\wamp\www\yii\framework\base\CApplication.php(176): CWebApplication->processRequest()
#9 D:\wamp\www\yii\angel\backend.php(13): CApplication->run()
#10 {main}
REQUEST_URI=/yii/angel/backend.php/site/index
---
2013/01/24 06:15:15 [error] [exception.PDOException] exception 'PDOException' with message 'SQLSTATE[IM001]: Driver does not support this function: driver does not support that attribute' in D:\wamp\www\yii\framework\db\CDbConnection.php:868
Stack trace:
#0 D:\wamp\www\yii\framework\db\CDbConnection.php(868): PDO->getAttribute(20)
#1 D:\wamp\www\yii\angel\protected\backend\controllers\SiteController.php(26): CDbConnection->getAttribute(20)
#2 D:\wamp\www\yii\framework\web\actions\CInlineAction.php(49): SiteController->actionIndex()
#3 D:\wamp\www\yii\framework\web\CController.php(308): CInlineAction->runWithParams(Array)
#4 D:\wamp\www\yii\framework\web\CController.php(286): CController->runAction(Object(CInlineAction))
#5 D:\wamp\www\yii\framework\web\CController.php(265): CController->runActionWithFilters(Object(CInlineAction), Array)
#6 D:\wamp\www\yii\framework\web\CWebApplication.php(314): CController->run('index')
#7 D:\wamp\www\yii\framework\web\CWebApplication.php(149): CWebApplication->runController('site/index')
#8 D:\wamp\www\yii\framework\base\CApplication.php(176): CWebApplication->processRequest()
#9 D:\wamp\www\yii\angel\backend.php(13): CApplication->run()
#10 {main}
REQUEST_URI=/yii/angel/backend.php/site/index
---
2013/01/24 06:15:16 [error] [exception.PDOException] exception 'PDOException' with message 'SQLSTATE[IM001]: Driver does not support this function: driver does not support that attribute' in D:\wamp\www\yii\framework\db\CDbConnection.php:868
Stack trace:
#0 D:\wamp\www\yii\framework\db\CDbConnection.php(868): PDO->getAttribute(20)
#1 D:\wamp\www\yii\angel\protected\backend\controllers\SiteController.php(26): CDbConnection->getAttribute(20)
#2 D:\wamp\www\yii\framework\web\actions\CInlineAction.php(49): SiteController->actionIndex()
#3 D:\wamp\www\yii\framework\web\CController.php(308): CInlineAction->runWithParams(Array)
#4 D:\wamp\www\yii\framework\web\CController.php(286): CController->runAction(Object(CInlineAction))
#5 D:\wamp\www\yii\framework\web\CController.php(265): CController->runActionWithFilters(Object(CInlineAction), Array)
#6 D:\wamp\www\yii\framework\web\CWebApplication.php(314): CController->run('index')
#7 D:\wamp\www\yii\framework\web\CWebApplication.php(149): CWebApplication->runController('site/index')
#8 D:\wamp\www\yii\framework\base\CApplication.php(176): CWebApplication->processRequest()
#9 D:\wamp\www\yii\angel\backend.php(13): CApplication->run()
#10 {main}
REQUEST_URI=/yii/angel/backend.php/site/index
---
2013/01/24 06:15:36 [error] [exception.PDOException] exception 'PDOException' with message 'SQLSTATE[IM001]: Driver does not support this function: driver does not support that attribute' in D:\wamp\www\yii\framework\db\CDbConnection.php:868
Stack trace:
#0 D:\wamp\www\yii\framework\db\CDbConnection.php(868): PDO->getAttribute(20)
#1 D:\wamp\www\yii\angel\protected\backend\controllers\SiteController.php(26): CDbConnection->getAttribute(20)
#2 D:\wamp\www\yii\framework\web\actions\CInlineAction.php(49): SiteController->actionIndex()
#3 D:\wamp\www\yii\framework\web\CController.php(308): CInlineAction->runWithParams(Array)
#4 D:\wamp\www\yii\framework\web\CController.php(286): CController->runAction(Object(CInlineAction))
#5 D:\wamp\www\yii\framework\web\CController.php(265): CController->runActionWithFilters(Object(CInlineAction), Array)
#6 D:\wamp\www\yii\framework\web\CWebApplication.php(314): CController->run('index')
#7 D:\wamp\www\yii\framework\web\CWebApplication.php(149): CWebApplication->runController('site/index')
#8 D:\wamp\www\yii\framework\base\CApplication.php(176): CWebApplication->processRequest()
#9 D:\wamp\www\yii\angel\backend.php(13): CApplication->run()
#10 {main}
REQUEST_URI=/yii/angel/backend.php/site/index
---
2013/01/24 06:17:43 [error] [exception.PDOException] exception 'PDOException' with message 'SQLSTATE[IM001]: Driver does not support this function: driver does not support that attribute' in D:\wamp\www\yii\framework\db\CDbConnection.php:868
Stack trace:
#0 D:\wamp\www\yii\framework\db\CDbConnection.php(868): PDO->getAttribute(20)
#1 D:\wamp\www\yii\angel\protected\backend\controllers\SiteController.php(26): CDbConnection->getAttribute(20)
#2 D:\wamp\www\yii\framework\web\actions\CInlineAction.php(49): SiteController->actionIndex()
#3 D:\wamp\www\yii\framework\web\CController.php(308): CInlineAction->runWithParams(Array)
#4 D:\wamp\www\yii\framework\web\CController.php(286): CController->runAction(Object(CInlineAction))
#5 D:\wamp\www\yii\framework\web\CController.php(265): CController->runActionWithFilters(Object(CInlineAction), Array)
#6 D:\wamp\www\yii\framework\web\CWebApplication.php(314): CController->run('index')
#7 D:\wamp\www\yii\framework\web\CWebApplication.php(149): CWebApplication->runController('site/index')
#8 D:\wamp\www\yii\framework\base\CApplication.php(176): CWebApplication->processRequest()
#9 D:\wamp\www\yii\angel\backend.php(13): CApplication->run()
#10 {main}
REQUEST_URI=/yii/angel/backend.php/site/index
---
2013/01/24 06:17:43 [error] [exception.PDOException] exception 'PDOException' with message 'SQLSTATE[IM001]: Driver does not support this function: driver does not support that attribute' in D:\wamp\www\yii\framework\db\CDbConnection.php:868
Stack trace:
#0 D:\wamp\www\yii\framework\db\CDbConnection.php(868): PDO->getAttribute(20)
#1 D:\wamp\www\yii\angel\protected\backend\controllers\SiteController.php(26): CDbConnection->getAttribute(20)
#2 D:\wamp\www\yii\framework\web\actions\CInlineAction.php(49): SiteController->actionIndex()
#3 D:\wamp\www\yii\framework\web\CController.php(308): CInlineAction->runWithParams(Array)
#4 D:\wamp\www\yii\framework\web\CController.php(286): CController->runAction(Object(CInlineAction))
#5 D:\wamp\www\yii\framework\web\CController.php(265): CController->runActionWithFilters(Object(CInlineAction), Array)
#6 D:\wamp\www\yii\framework\web\CWebApplication.php(314): CController->run('index')
#7 D:\wamp\www\yii\framework\web\CWebApplication.php(149): CWebApplication->runController('site/index')
#8 D:\wamp\www\yii\framework\base\CApplication.php(176): CWebApplication->processRequest()
#9 D:\wamp\www\yii\angel\backend.php(13): CApplication->run()
#10 {main}
REQUEST_URI=/yii/angel/backend.php/site/index
---
2013/05/28 15:23:48 [error] [exception.CDbException] exception 'CDbException' with message 'CDbConnection failed to open the DB connection: SQLSTATE[28000] [1045] Access denied for user 'root'@'localhost' (using password: NO)' in /usr/local/httpd-2.4.4/htdocs/www/yii/framework/db/CDbConnection.php:448
Stack trace:
#0 /usr/local/httpd-2.4.4/htdocs/www/yii/framework/db/CDbConnection.php(387): CDbConnection->open()
#1 /usr/local/httpd-2.4.4/htdocs/www/yii/framework/db/CDbConnection.php(361): CDbConnection->setActive(true)
#2 /usr/local/httpd-2.4.4/htdocs/www/yii/framework/base/CModule.php(441): CDbConnection->init()
#3 /usr/local/httpd-2.4.4/htdocs/www/yii/framework/base/CModule.php(112): CModule->getComponent('db')
#4 /usr/local/httpd-2.4.4/htdocs/www/yii/angel/protected/backend/controllers/SiteController.php(25): CModule->__get('db')
#5 /usr/local/httpd-2.4.4/htdocs/www/yii/framework/web/actions/CInlineAction.php(49): SiteController->actionIndex()
#6 /usr/local/httpd-2.4.4/htdocs/www/yii/framework/web/CController.php(308): CInlineAction->runWithParams(Array)
#7 /usr/local/httpd-2.4.4/htdocs/www/yii/framework/web/CController.php(286): CController->runAction(Object(CInlineAction))
#8 /usr/local/httpd-2.4.4/htdocs/www/yii/framework/web/CController.php(265): CController->runActionWithFilters(Object(CInlineAction), Array)
#9 /usr/local/httpd-2.4.4/htdocs/www/yii/framework/web/CWebApplication.php(314): CController->run('')
#10 /usr/local/httpd-2.4.4/htdocs/www/yii/framework/web/CWebApplication.php(149): CWebApplication->runController('')
#11 /usr/local/httpd-2.4.4/htdocs/www/yii/framework/base/CApplication.php(176): CWebApplication->processRequest()
#12 /usr/local/httpd-2.4.4/htdocs/www/yii/angel/backend.php(13): CApplication->run()
#13 {main}
REQUEST_URI=/www/yii/angel/backend.php
---
2013/05/28 15:27:10 [error] [exception.CDbException] exception 'CDbException' with message 'CDbConnection failed to open the DB connection: SQLSTATE[28000] [1045] Access denied for user 'root'@'localhost' (using password: NO)' in /usr/local/httpd-2.4.4/htdocs/www/yii/framework/db/CDbConnection.php:448
Stack trace:
#0 /usr/local/httpd-2.4.4/htdocs/www/yii/framework/db/CDbConnection.php(387): CDbConnection->open()
#1 /usr/local/httpd-2.4.4/htdocs/www/yii/framework/db/CDbConnection.php(361): CDbConnection->setActive(true)
#2 /usr/local/httpd-2.4.4/htdocs/www/yii/framework/base/CModule.php(441): CDbConnection->init()
#3 /usr/local/httpd-2.4.4/htdocs/www/yii/framework/base/CModule.php(112): CModule->getComponent('db')
#4 /usr/local/httpd-2.4.4/htdocs/www/yii/angel/protected/backend/controllers/SiteController.php(25): CModule->__get('db')
#5 /usr/local/httpd-2.4.4/htdocs/www/yii/framework/web/actions/CInlineAction.php(49): SiteController->actionIndex()
#6 /usr/local/httpd-2.4.4/htdocs/www/yii/framework/web/CController.php(308): CInlineAction->runWithParams(Array)
#7 /usr/local/httpd-2.4.4/htdocs/www/yii/framework/web/CController.php(286): CController->runAction(Object(CInlineAction))
#8 /usr/local/httpd-2.4.4/htdocs/www/yii/framework/web/CController.php(265): CController->runActionWithFilters(Object(CInlineAction), Array)
#9 /usr/local/httpd-2.4.4/htdocs/www/yii/framework/web/CWebApplication.php(314): CController->run('')
#10 /usr/local/httpd-2.4.4/htdocs/www/yii/framework/web/CWebApplication.php(149): CWebApplication->runController('')
#11 /usr/local/httpd-2.4.4/htdocs/www/yii/framework/base/CApplication.php(176): CWebApplication->processRequest()
#12 /usr/local/httpd-2.4.4/htdocs/www/yii/angel/backend.php(13): CApplication->run()
#13 {main}
REQUEST_URI=/www/yii/angel/backend.php
---
2013/05/28 15:27:11 [error] [exception.CDbException] exception 'CDbException' with message 'CDbConnection failed to open the DB connection: SQLSTATE[28000] [1045] Access denied for user 'root'@'localhost' (using password: NO)' in /usr/local/httpd-2.4.4/htdocs/www/yii/framework/db/CDbConnection.php:448
Stack trace:
#0 /usr/local/httpd-2.4.4/htdocs/www/yii/framework/db/CDbConnection.php(387): CDbConnection->open()
#1 /usr/local/httpd-2.4.4/htdocs/www/yii/framework/db/CDbConnection.php(361): CDbConnection->setActive(true)
#2 /usr/local/httpd-2.4.4/htdocs/www/yii/framework/base/CModule.php(441): CDbConnection->init()
#3 /usr/local/httpd-2.4.4/htdocs/www/yii/framework/base/CModule.php(112): CModule->getComponent('db')
#4 /usr/local/httpd-2.4.4/htdocs/www/yii/angel/protected/backend/controllers/SiteController.php(25): CModule->__get('db')
#5 /usr/local/httpd-2.4.4/htdocs/www/yii/framework/web/actions/CInlineAction.php(49): SiteController->actionIndex()
#6 /usr/local/httpd-2.4.4/htdocs/www/yii/framework/web/CController.php(308): CInlineAction->runWithParams(Array)
#7 /usr/local/httpd-2.4.4/htdocs/www/yii/framework/web/CController.php(286): CController->runAction(Object(CInlineAction))
#8 /usr/local/httpd-2.4.4/htdocs/www/yii/framework/web/CController.php(265): CController->runActionWithFilters(Object(CInlineAction), Array)
#9 /usr/local/httpd-2.4.4/htdocs/www/yii/framework/web/CWebApplication.php(314): CController->run('')
#10 /usr/local/httpd-2.4.4/htdocs/www/yii/framework/web/CWebApplication.php(149): CWebApplication->runController('')
#11 /usr/local/httpd-2.4.4/htdocs/www/yii/framework/base/CApplication.php(176): CWebApplication->processRequest()
#12 /usr/local/httpd-2.4.4/htdocs/www/yii/angel/backend.php(13): CApplication->run()
#13 {main}
REQUEST_URI=/www/yii/angel/backend.php
---
2013/05/28 15:27:12 [error] [exception.CDbException] exception 'CDbException' with message 'CDbConnection failed to open the DB connection: SQLSTATE[28000] [1045] Access denied for user 'root'@'localhost' (using password: NO)' in /usr/local/httpd-2.4.4/htdocs/www/yii/framework/db/CDbConnection.php:448
Stack trace:
#0 /usr/local/httpd-2.4.4/htdocs/www/yii/framework/db/CDbConnection.php(387): CDbConnection->open()
#1 /usr/local/httpd-2.4.4/htdocs/www/yii/framework/db/CDbConnection.php(361): CDbConnection->setActive(true)
#2 /usr/local/httpd-2.4.4/htdocs/www/yii/framework/base/CModule.php(441): CDbConnection->init()
#3 /usr/local/httpd-2.4.4/htdocs/www/yii/framework/base/CModule.php(112): CModule->getComponent('db')
#4 /usr/local/httpd-2.4.4/htdocs/www/yii/angel/protected/backend/controllers/SiteController.php(25): CModule->__get('db')
#5 /usr/local/httpd-2.4.4/htdocs/www/yii/framework/web/actions/CInlineAction.php(49): SiteController->actionIndex()
#6 /usr/local/httpd-2.4.4/htdocs/www/yii/framework/web/CController.php(308): CInlineAction->runWithParams(Array)
#7 /usr/local/httpd-2.4.4/htdocs/www/yii/framework/web/CController.php(286): CController->runAction(Object(CInlineAction))
#8 /usr/local/httpd-2.4.4/htdocs/www/yii/framework/web/CController.php(265): CController->runActionWithFilters(Object(CInlineAction), Array)
#9 /usr/local/httpd-2.4.4/htdocs/www/yii/framework/web/CWebApplication.php(314): CController->run('')
#10 /usr/local/httpd-2.4.4/htdocs/www/yii/framework/web/CWebApplication.php(149): CWebApplication->runController('')
#11 /usr/local/httpd-2.4.4/htdocs/www/yii/framework/base/CApplication.php(176): CWebApplication->processRequest()
#12 /usr/local/httpd-2.4.4/htdocs/www/yii/angel/backend.php(13): CApplication->run()
#13 {main}
REQUEST_URI=/www/yii/angel/backend.php
---
2013/05/28 15:27:12 [error] [exception.CDbException] exception 'CDbException' with message 'CDbConnection failed to open the DB connection: SQLSTATE[28000] [1045] Access denied for user 'root'@'localhost' (using password: NO)' in /usr/local/httpd-2.4.4/htdocs/www/yii/framework/db/CDbConnection.php:448
Stack trace:
#0 /usr/local/httpd-2.4.4/htdocs/www/yii/framework/db/CDbConnection.php(387): CDbConnection->open()
#1 /usr/local/httpd-2.4.4/htdocs/www/yii/framework/db/CDbConnection.php(361): CDbConnection->setActive(true)
#2 /usr/local/httpd-2.4.4/htdocs/www/yii/framework/base/CModule.php(441): CDbConnection->init()
#3 /usr/local/httpd-2.4.4/htdocs/www/yii/framework/base/CModule.php(112): CModule->getComponent('db')
#4 /usr/local/httpd-2.4.4/htdocs/www/yii/angel/protected/backend/controllers/SiteController.php(25): CModule->__get('db')
#5 /usr/local/httpd-2.4.4/htdocs/www/yii/framework/web/actions/CInlineAction.php(49): SiteController->actionIndex()
#6 /usr/local/httpd-2.4.4/htdocs/www/yii/framework/web/CController.php(308): CInlineAction->runWithParams(Array)
#7 /usr/local/httpd-2.4.4/htdocs/www/yii/framework/web/CController.php(286): CController->runAction(Object(CInlineAction))
#8 /usr/local/httpd-2.4.4/htdocs/www/yii/framework/web/CController.php(265): CController->runActionWithFilters(Object(CInlineAction), Array)
#9 /usr/local/httpd-2.4.4/htdocs/www/yii/framework/web/CWebApplication.php(314): CController->run('')
#10 /usr/local/httpd-2.4.4/htdocs/www/yii/framework/web/CWebApplication.php(149): CWebApplication->runController('')
#11 /usr/local/httpd-2.4.4/htdocs/www/yii/framework/base/CApplication.php(176): CWebApplication->processRequest()
#12 /usr/local/httpd-2.4.4/htdocs/www/yii/angel/backend.php(13): CApplication->run()
#13 {main}
REQUEST_URI=/www/yii/angel/backend.php
---
2013/05/28 15:28:46 [error] [exception.CHttpException.404] exception 'CHttpException' with message '系统无法找到请求的 "page" 动作.' in /usr/local/httpd-2.4.4/htdocs/www/yii/framework/web/CController.php:483
Stack trace:
#0 /usr/local/httpd-2.4.4/htdocs/www/yii/framework/web/CController.php(270): CController->missingAction('page')
#1 /usr/local/httpd-2.4.4/htdocs/www/yii/framework/web/CWebApplication.php(314): CController->run('page')
#2 /usr/local/httpd-2.4.4/htdocs/www/yii/framework/web/CWebApplication.php(149): CWebApplication->runController('site/page')
#3 /usr/local/httpd-2.4.4/htdocs/www/yii/framework/base/CApplication.php(176): CWebApplication->processRequest()
#4 /usr/local/httpd-2.4.4/htdocs/www/yii/angel/backend.php(13): CApplication->run()
#5 {main}
REQUEST_URI=/www/yii/angel/backend.php/site/page?view=about
HTTP_REFERER=http://192.168.3.203/www/yii/angel/backend.php/
---
2013/05/28 15:28:47 [error] [exception.CHttpException.404] exception 'CHttpException' with message '系统无法找到请求的 "contact" 动作.' in /usr/local/httpd-2.4.4/htdocs/www/yii/framework/web/CController.php:483
Stack trace:
#0 /usr/local/httpd-2.4.4/htdocs/www/yii/framework/web/CController.php(270): CController->missingAction('contact')
#1 /usr/local/httpd-2.4.4/htdocs/www/yii/framework/web/CWebApplication.php(314): CController->run('contact')
#2 /usr/local/httpd-2.4.4/htdocs/www/yii/framework/web/CWebApplication.php(149): CWebApplication->runController('site/contact')
#3 /usr/local/httpd-2.4.4/htdocs/www/yii/framework/base/CApplication.php(176): CWebApplication->processRequest()
#4 /usr/local/httpd-2.4.4/htdocs/www/yii/angel/backend.php(13): CApplication->run()
#5 {main}
REQUEST_URI=/www/yii/angel/backend.php/site/contact
HTTP_REFERER=http://192.168.3.203/www/yii/angel/backend.php/site/page?view=about
---
2013/05/28 15:29:39 [error] [exception.CHttpException.404] exception 'CHttpException' with message '系统无法找到请求的 "contact" 动作.' in /usr/local/httpd-2.4.4/htdocs/www/yii/framework/web/CController.php:483
Stack trace:
#0 /usr/local/httpd-2.4.4/htdocs/www/yii/framework/web/CController.php(270): CController->missingAction('contact')
#1 /usr/local/httpd-2.4.4/htdocs/www/yii/framework/web/CWebApplication.php(314): CController->run('contact')
#2 /usr/local/httpd-2.4.4/htdocs/www/yii/framework/web/CWebApplication.php(149): CWebApplication->runController('site/contact')
#3 /usr/local/httpd-2.4.4/htdocs/www/yii/framework/base/CApplication.php(176): CWebApplication->processRequest()
#4 /usr/local/httpd-2.4.4/htdocs/www/yii/angel/backend.php(13): CApplication->run()
#5 {main}
REQUEST_URI=/www/yii/angel/backend.php/site/contact
HTTP_REFERER=http://192.168.3.203/www/yii/angel/backend.php/site/login
---
2013/05/28 15:29:41 [error] [exception.CHttpException.404] exception 'CHttpException' with message '系统无法找到请求的 "page" 动作.' in /usr/local/httpd-2.4.4/htdocs/www/yii/framework/web/CController.php:483
Stack trace:
#0 /usr/local/httpd-2.4.4/htdocs/www/yii/framework/web/CController.php(270): CController->missingAction('page')
#1 /usr/local/httpd-2.4.4/htdocs/www/yii/framework/web/CWebApplication.php(314): CController->run('page')
#2 /usr/local/httpd-2.4.4/htdocs/www/yii/framework/web/CWebApplication.php(149): CWebApplication->runController('site/page')
#3 /usr/local/httpd-2.4.4/htdocs/www/yii/framework/base/CApplication.php(176): CWebApplication->processRequest()
#4 /usr/local/httpd-2.4.4/htdocs/www/yii/angel/backend.php(13): CApplication->run()
#5 {main}
REQUEST_URI=/www/yii/angel/backend.php/site/page?view=about
HTTP_REFERER=http://192.168.3.203/www/yii/angel/backend.php/site/contact
---
