2013/05/30 16:39:05 [error] [system.db.CDbCommand] CDbCommand::execute() failed: SQLSTATE[HY000]: General error: 5 database is locked. The SQL statement executed was: UPDATE 'tbl_post' SET "id"=:yp0, "title"=:yp1, "content"=:yp2, "tags"=:yp3, "status"=:yp4, "create_time"=:yp5, "update_time"=:yp6, "author_id"=:yp7 WHERE 'tbl_post'."id"=1.
2013/05/30 16:39:05 [error] [exception.CDbException] exception 'CDbException' with message 'CDbCommand failed to execute the SQL statement: SQLSTATE[HY000]: General error: 5 database is locked' in /usr/local/httpd-2.4.4/htdocs/www/yii/framework/db/CDbCommand.php:357
Stack trace:
#0 /usr/local/httpd-2.4.4/htdocs/www/yii/framework/db/ar/CActiveRecord.php(1691): CDbCommand->execute()
#1 /usr/local/httpd-2.4.4/htdocs/www/yii/framework/db/ar/CActiveRecord.php(1070): CActiveRecord->updateByPk('1', Array)
#2 /usr/local/httpd-2.4.4/htdocs/www/yii/framework/db/ar/CActiveRecord.php(795): CActiveRecord->update(NULL)
#3 /usr/local/httpd-2.4.4/htdocs/www/yii/demos/blog/protected/controllers/PostController.php(86): CActiveRecord->save()
#4 /usr/local/httpd-2.4.4/htdocs/www/yii/framework/web/actions/CInlineAction.php(49): PostController->actionUpdate()
#5 /usr/local/httpd-2.4.4/htdocs/www/yii/framework/web/CController.php(308): CInlineAction->runWithParams(Array)
#6 /usr/local/httpd-2.4.4/htdocs/www/yii/framework/web/filters/CFilterChain.php(133): CController->runAction(Object(CInlineAction))
#7 /usr/local/httpd-2.4.4/htdocs/www/yii/framework/web/filters/CFilter.php(40): CFilterChain->run()
#8 /usr/local/httpd-2.4.4/htdocs/www/yii/framework/web/CController.php(1145): CFilter->filter(Object(CFilterChain))
#9 /usr/local/httpd-2.4.4/htdocs/www/yii/framework/web/filters/CInlineFilter.php(58): CController->filterAccessControl(Object(CFilterChain))
#10 /usr/local/httpd-2.4.4/htdocs/www/yii/framework/web/filters/CFilterChain.php(130): CInlineFilter->filter(Object(CFilterChain))
#11 /usr/local/httpd-2.4.4/htdocs/www/yii/framework/web/CController.php(291): CFilterChain->run()
#12 /usr/local/httpd-2.4.4/htdocs/www/yii/framework/web/CController.php(265): CController->runActionWithFilters(Object(CInlineAction), Array)
#13 /usr/local/httpd-2.4.4/htdocs/www/yii/framework/web/CWebApplication.php(314): CController->run('update')
#14 /usr/local/httpd-2.4.4/htdocs/www/yii/framework/web/CWebApplication.php(149): CWebApplication->runController('post/update')
#15 /usr/local/httpd-2.4.4/htdocs/www/yii/framework/base/CApplication.php(176): CWebApplication->processRequest()
#16 /usr/local/httpd-2.4.4/htdocs/www/yii/demos/blog/index.php(11): CApplication->run()
#17 {main}
REQUEST_URI=/www/yii/demos/blog/index.php/post/update?id=1
HTTP_REFERER=http://a.com:8080/www/yii/demos/blog/index.php/post/update?id=1
---
2013/05/30 16:40:40 [error] [system.db.CDbCommand] CDbCommand::execute() failed: SQLSTATE[HY000]: General error: 5 database is locked. The SQL statement executed was: UPDATE 'tbl_post' SET "id"=:yp0, "title"=:yp1, "content"=:yp2, "tags"=:yp3, "status"=:yp4, "create_time"=:yp5, "update_time"=:yp6, "author_id"=:yp7 WHERE 'tbl_post'."id"=1.
2013/05/30 16:40:40 [error] [exception.CDbException] exception 'CDbException' with message 'CDbCommand failed to execute the SQL statement: SQLSTATE[HY000]: General error: 5 database is locked' in /usr/local/httpd-2.4.4/htdocs/www/yii/framework/db/CDbCommand.php:357
Stack trace:
#0 /usr/local/httpd-2.4.4/htdocs/www/yii/framework/db/ar/CActiveRecord.php(1691): CDbCommand->execute()
#1 /usr/local/httpd-2.4.4/htdocs/www/yii/framework/db/ar/CActiveRecord.php(1070): CActiveRecord->updateByPk('1', Array)
#2 /usr/local/httpd-2.4.4/htdocs/www/yii/framework/db/ar/CActiveRecord.php(795): CActiveRecord->update(NULL)
#3 /usr/local/httpd-2.4.4/htdocs/www/yii/demos/blog/protected/controllers/PostController.php(86): CActiveRecord->save()
#4 /usr/local/httpd-2.4.4/htdocs/www/yii/framework/web/actions/CInlineAction.php(49): PostController->actionUpdate()
#5 /usr/local/httpd-2.4.4/htdocs/www/yii/framework/web/CController.php(308): CInlineAction->runWithParams(Array)
#6 /usr/local/httpd-2.4.4/htdocs/www/yii/framework/web/filters/CFilterChain.php(133): CController->runAction(Object(CInlineAction))
#7 /usr/local/httpd-2.4.4/htdocs/www/yii/framework/web/filters/CFilter.php(40): CFilterChain->run()
#8 /usr/local/httpd-2.4.4/htdocs/www/yii/framework/web/CController.php(1145): CFilter->filter(Object(CFilterChain))
#9 /usr/local/httpd-2.4.4/htdocs/www/yii/framework/web/filters/CInlineFilter.php(58): CController->filterAccessControl(Object(CFilterChain))
#10 /usr/local/httpd-2.4.4/htdocs/www/yii/framework/web/filters/CFilterChain.php(130): CInlineFilter->filter(Object(CFilterChain))
#11 /usr/local/httpd-2.4.4/htdocs/www/yii/framework/web/CController.php(291): CFilterChain->run()
#12 /usr/local/httpd-2.4.4/htdocs/www/yii/framework/web/CController.php(265): CController->runActionWithFilters(Object(CInlineAction), Array)
#13 /usr/local/httpd-2.4.4/htdocs/www/yii/framework/web/CWebApplication.php(314): CController->run('update')
#14 /usr/local/httpd-2.4.4/htdocs/www/yii/framework/web/CWebApplication.php(149): CWebApplication->runController('post/update')
#15 /usr/local/httpd-2.4.4/htdocs/www/yii/framework/base/CApplication.php(176): CWebApplication->processRequest()
#16 /usr/local/httpd-2.4.4/htdocs/www/yii/demos/blog/index.php(11): CApplication->run()
#17 {main}
REQUEST_URI=/www/yii/demos/blog/index.php/post/update?id=1
HTTP_REFERER=http://a.com:8080/www/yii/demos/blog/index.php/post/update?id=1
---
2013/05/30 16:43:06 [error] [system.db.CDbCommand] CDbCommand::execute() failed: SQLSTATE[HY000]: General error: 5 database is locked. The SQL statement executed was: UPDATE 'tbl_post' SET "id"=:yp0, "title"=:yp1, "content"=:yp2, "tags"=:yp3, "status"=:yp4, "create_time"=:yp5, "update_time"=:yp6, "author_id"=:yp7 WHERE 'tbl_post'."id"=1.
2013/05/30 16:43:06 [error] [exception.CDbException] exception 'CDbException' with message 'CDbCommand failed to execute the SQL statement: SQLSTATE[HY000]: General error: 5 database is locked' in /usr/local/httpd-2.4.4/htdocs/www/yii/framework/db/CDbCommand.php:357
Stack trace:
#0 /usr/local/httpd-2.4.4/htdocs/www/yii/framework/db/ar/CActiveRecord.php(1691): CDbCommand->execute()
#1 /usr/local/httpd-2.4.4/htdocs/www/yii/framework/db/ar/CActiveRecord.php(1070): CActiveRecord->updateByPk('1', Array)
#2 /usr/local/httpd-2.4.4/htdocs/www/yii/framework/db/ar/CActiveRecord.php(795): CActiveRecord->update(NULL)
#3 /usr/local/httpd-2.4.4/htdocs/www/yii/demos/blog/protected/controllers/PostController.php(86): CActiveRecord->save()
#4 /usr/local/httpd-2.4.4/htdocs/www/yii/framework/web/actions/CInlineAction.php(49): PostController->actionUpdate()
#5 /usr/local/httpd-2.4.4/htdocs/www/yii/framework/web/CController.php(308): CInlineAction->runWithParams(Array)
#6 /usr/local/httpd-2.4.4/htdocs/www/yii/framework/web/filters/CFilterChain.php(133): CController->runAction(Object(CInlineAction))
#7 /usr/local/httpd-2.4.4/htdocs/www/yii/framework/web/filters/CFilter.php(40): CFilterChain->run()
#8 /usr/local/httpd-2.4.4/htdocs/www/yii/framework/web/CController.php(1145): CFilter->filter(Object(CFilterChain))
#9 /usr/local/httpd-2.4.4/htdocs/www/yii/framework/web/filters/CInlineFilter.php(58): CController->filterAccessControl(Object(CFilterChain))
#10 /usr/local/httpd-2.4.4/htdocs/www/yii/framework/web/filters/CFilterChain.php(130): CInlineFilter->filter(Object(CFilterChain))
#11 /usr/local/httpd-2.4.4/htdocs/www/yii/framework/web/CController.php(291): CFilterChain->run()
#12 /usr/local/httpd-2.4.4/htdocs/www/yii/framework/web/CController.php(265): CController->runActionWithFilters(Object(CInlineAction), Array)
#13 /usr/local/httpd-2.4.4/htdocs/www/yii/framework/web/CWebApplication.php(314): CController->run('update')
#14 /usr/local/httpd-2.4.4/htdocs/www/yii/framework/web/CWebApplication.php(149): CWebApplication->runController('post/update')
#15 /usr/local/httpd-2.4.4/htdocs/www/yii/framework/base/CApplication.php(176): CWebApplication->processRequest()
#16 /usr/local/httpd-2.4.4/htdocs/www/yii/demos/blog/index.php(11): CApplication->run()
#17 {main}
REQUEST_URI=/www/yii/demos/blog/index.php/post/update?id=1
HTTP_REFERER=http://a.com:8080/www/yii/demos/blog/index.php/post/update?id=1
---
2013/05/30 16:45:24 [error] [system.db.CDbCommand] CDbCommand::execute() failed: SQLSTATE[HY000]: General error: 5 database is locked. The SQL statement executed was: UPDATE 'tbl_post' SET "id"=:yp0, "title"=:yp1, "content"=:yp2, "tags"=:yp3, "status"=:yp4, "create_time"=:yp5, "update_time"=:yp6, "author_id"=:yp7 WHERE 'tbl_post'."id"=1.
2013/05/30 16:45:24 [error] [exception.CDbException] exception 'CDbException' with message 'CDbCommand failed to execute the SQL statement: SQLSTATE[HY000]: General error: 5 database is locked' in /usr/local/httpd-2.4.4/htdocs/www/yii/framework/db/CDbCommand.php:357
Stack trace:
#0 /usr/local/httpd-2.4.4/htdocs/www/yii/framework/db/ar/CActiveRecord.php(1691): CDbCommand->execute()
#1 /usr/local/httpd-2.4.4/htdocs/www/yii/framework/db/ar/CActiveRecord.php(1070): CActiveRecord->updateByPk('1', Array)
#2 /usr/local/httpd-2.4.4/htdocs/www/yii/framework/db/ar/CActiveRecord.php(795): CActiveRecord->update(NULL)
#3 /usr/local/httpd-2.4.4/htdocs/www/yii/demos/blog/protected/controllers/PostController.php(86): CActiveRecord->save()
#4 /usr/local/httpd-2.4.4/htdocs/www/yii/framework/web/actions/CInlineAction.php(49): PostController->actionUpdate()
#5 /usr/local/httpd-2.4.4/htdocs/www/yii/framework/web/CController.php(308): CInlineAction->runWithParams(Array)
#6 /usr/local/httpd-2.4.4/htdocs/www/yii/framework/web/filters/CFilterChain.php(133): CController->runAction(Object(CInlineAction))
#7 /usr/local/httpd-2.4.4/htdocs/www/yii/framework/web/filters/CFilter.php(40): CFilterChain->run()
#8 /usr/local/httpd-2.4.4/htdocs/www/yii/framework/web/CController.php(1145): CFilter->filter(Object(CFilterChain))
#9 /usr/local/httpd-2.4.4/htdocs/www/yii/framework/web/filters/CInlineFilter.php(58): CController->filterAccessControl(Object(CFilterChain))
#10 /usr/local/httpd-2.4.4/htdocs/www/yii/framework/web/filters/CFilterChain.php(130): CInlineFilter->filter(Object(CFilterChain))
#11 /usr/local/httpd-2.4.4/htdocs/www/yii/framework/web/CController.php(291): CFilterChain->run()
#12 /usr/local/httpd-2.4.4/htdocs/www/yii/framework/web/CController.php(265): CController->runActionWithFilters(Object(CInlineAction), Array)
#13 /usr/local/httpd-2.4.4/htdocs/www/yii/framework/web/CWebApplication.php(314): CController->run('update')
#14 /usr/local/httpd-2.4.4/htdocs/www/yii/framework/web/CWebApplication.php(149): CWebApplication->runController('post/update')
#15 /usr/local/httpd-2.4.4/htdocs/www/yii/framework/base/CApplication.php(176): CWebApplication->processRequest()
#16 /usr/local/httpd-2.4.4/htdocs/www/yii/demos/blog/index.php(11): CApplication->run()
#17 {main}
REQUEST_URI=/www/yii/demos/blog/index.php/post/update?id=1
HTTP_REFERER=http://a.com:8080/www/yii/demos/blog/index.php/post/update?id=1
---
2013/06/24 17:42:45 [error] [php] Creating default object from empty value (/usr/local/httpd-2.4.4/htdocs/www/yii/demos/blog/protected/controllers/PostController.php:145)
Stack trace:
#0 /usr/local/httpd-2.4.4/htdocs/www/yii/framework/web/filters/CFilterChain.php(133): PostController->runAction()
#1 /usr/local/httpd-2.4.4/htdocs/www/yii/framework/web/filters/CFilter.php(40): CFilterChain->run()
#2 /usr/local/httpd-2.4.4/htdocs/www/yii/framework/web/CController.php(1153): CAccessControlFilter->filter()
#3 /usr/local/httpd-2.4.4/htdocs/www/yii/framework/web/filters/CInlineFilter.php(58): PostController->filterAccessControl()
#4 /usr/local/httpd-2.4.4/htdocs/www/yii/framework/web/filters/CFilterChain.php(130): CInlineFilter->filter()
#5 /usr/local/httpd-2.4.4/htdocs/www/yii/framework/web/CController.php(297): CFilterChain->run()
#6 /usr/local/httpd-2.4.4/htdocs/www/yii/framework/web/CController.php(270): PostController->runActionWithFilters()
#7 /usr/local/httpd-2.4.4/htdocs/www/yii/framework/web/CWebApplication.php(314): PostController->run()
#8 /usr/local/httpd-2.4.4/htdocs/www/yii/framework/web/CWebApplication.php(149): CWebApplication->runController()
#9 /usr/local/httpd-2.4.4/htdocs/www/yii/framework/base/CApplication.php(176): CWebApplication->processRequest()
#10 /usr/local/httpd-2.4.4/htdocs/www/yii/demos/blog/index.php(11): CWebApplication->run()
REQUEST_URI=/www/yii/demos/blog/index.php/post/admin
